<?xml version="1.0" encoding="UTF-8"?>
<!-- Generated by org.testng.reporters.JUnitReportReporter -->
<testsuite hostname="Laptop-109" failures="0" tests="2" name="com.arcgate.testcase.SearchTest" time="15.307" errors="0" timestamp="24 May 2025 06:29:52 GMT">
  <testcase classname="com.arcgate.testcase.SearchTest" name="verifyTitle" time="3.525"/>
  <testcase classname="com.arcgate.testcase.SearchTest" name="verifySearch" time="11.782"/>
</testsuite> <!-- com.arcgate.testcase.SearchTest -->
